[2021-11-15 17:52:33,039] {taskinstance.py:1035} INFO - Dependencies all met for <TaskInstance: covid_ingestion.process_BE_tests manual__2021-11-15T17:52:26.832826+00:00 [queued]>
[2021-11-15 17:52:33,057] {taskinstance.py:1035} INFO - Dependencies all met for <TaskInstance: covid_ingestion.process_BE_tests manual__2021-11-15T17:52:26.832826+00:00 [queued]>
[2021-11-15 17:52:33,057] {taskinstance.py:1241} INFO - 
--------------------------------------------------------------------------------
[2021-11-15 17:52:33,057] {taskinstance.py:1242} INFO - Starting attempt 1 of 1
[2021-11-15 17:52:33,057] {taskinstance.py:1243} INFO - 
--------------------------------------------------------------------------------
[2021-11-15 17:52:33,084] {taskinstance.py:1262} INFO - Executing <Task(PythonOperator): process_BE_tests> on 2021-11-15 17:52:26.832826+00:00
[2021-11-15 17:52:33,090] {standard_task_runner.py:52} INFO - Started process 1645 to run task
[2021-11-15 17:52:33,096] {standard_task_runner.py:76} INFO - Running: ['***', 'tasks', 'run', 'covid_ingestion', 'process_BE_tests', 'manual__2021-11-15T17:52:26.832826+00:00', '--job-id', '148', '--raw', '--subdir', 'DAGS_FOLDER/covid_ingestion.py', '--cfg-path', '/tmp/tmp1dysmhb8', '--error-file', '/tmp/tmpd6pv_ywe']
[2021-11-15 17:52:33,097] {standard_task_runner.py:77} INFO - Job 148: Subtask process_BE_tests
[2021-11-15 17:52:33,160] {logging_mixin.py:109} INFO - Running <TaskInstance: covid_ingestion.process_BE_tests manual__2021-11-15T17:52:26.832826+00:00 [running]> on host 6f9154c92b39
[2021-11-15 17:52:33,251] {taskinstance.py:1429} INFO - Exporting the following env vars:
AIRFLOW_CTX_DAG_OWNER=***
AIRFLOW_CTX_DAG_ID=covid_ingestion
AIRFLOW_CTX_TASK_ID=process_BE_tests
AIRFLOW_CTX_EXECUTION_DATE=2021-11-15T17:52:26.832826+00:00
AIRFLOW_CTX_DAG_RUN_ID=manual__2021-11-15T17:52:26.832826+00:00
[2021-11-15 17:52:33,295] {taskinstance.py:1703} ERROR - Task failed with exception
Traceback (most recent call last):
  File "/home/airflow/.local/lib/python3.7/site-packages/airflow/models/taskinstance.py", line 1332, in _run_raw_task
    self._execute_task_with_callbacks(context)
  File "/home/airflow/.local/lib/python3.7/site-packages/airflow/models/taskinstance.py", line 1458, in _execute_task_with_callbacks
    result = self._execute_task(context, self.task)
  File "/home/airflow/.local/lib/python3.7/site-packages/airflow/models/taskinstance.py", line 1514, in _execute_task
    result = execute_callable(context=context)
  File "/home/airflow/.local/lib/python3.7/site-packages/airflow/operators/python.py", line 151, in execute
    return_value = self.execute_callable()
  File "/home/airflow/.local/lib/python3.7/site-packages/airflow/operators/python.py", line 162, in execute_callable
    return self.python_callable(*self.op_args, **self.op_kwargs)
  File "/opt/airflow/dags/covid_ingestion.py", line 109, in process_BE_tests
    csv_tests = pd.read_csv(str_cases, header=0)
NameError: name 'str_cases' is not defined
[2021-11-15 17:52:33,345] {taskinstance.py:1280} INFO - Marking task as FAILED. dag_id=covid_ingestion, task_id=process_BE_tests, execution_date=20211115T175226, start_date=20211115T175233, end_date=20211115T175233
[2021-11-15 17:52:33,385] {standard_task_runner.py:91} ERROR - Failed to execute job 148 for task process_BE_tests
Traceback (most recent call last):
  File "/home/airflow/.local/lib/python3.7/site-packages/airflow/task/task_runner/standard_task_runner.py", line 85, in _start_by_fork
    args.func(args, dag=self.dag)
  File "/home/airflow/.local/lib/python3.7/site-packages/airflow/cli/cli_parser.py", line 48, in command
    return func(*args, **kwargs)
  File "/home/airflow/.local/lib/python3.7/site-packages/airflow/utils/cli.py", line 92, in wrapper
    return f(*args, **kwargs)
  File "/home/airflow/.local/lib/python3.7/site-packages/airflow/cli/commands/task_command.py", line 292, in task_run
    _run_task_by_selected_method(args, dag, ti)
  File "/home/airflow/.local/lib/python3.7/site-packages/airflow/cli/commands/task_command.py", line 107, in _run_task_by_selected_method
    _run_raw_task(args, ti)
  File "/home/airflow/.local/lib/python3.7/site-packages/airflow/cli/commands/task_command.py", line 184, in _run_raw_task
    error_file=args.error_file,
  File "/home/airflow/.local/lib/python3.7/site-packages/airflow/utils/session.py", line 70, in wrapper
    return func(*args, session=session, **kwargs)
  File "/home/airflow/.local/lib/python3.7/site-packages/airflow/models/taskinstance.py", line 1332, in _run_raw_task
    self._execute_task_with_callbacks(context)
  File "/home/airflow/.local/lib/python3.7/site-packages/airflow/models/taskinstance.py", line 1458, in _execute_task_with_callbacks
    result = self._execute_task(context, self.task)
  File "/home/airflow/.local/lib/python3.7/site-packages/airflow/models/taskinstance.py", line 1514, in _execute_task
    result = execute_callable(context=context)
  File "/home/airflow/.local/lib/python3.7/site-packages/airflow/operators/python.py", line 151, in execute
    return_value = self.execute_callable()
  File "/home/airflow/.local/lib/python3.7/site-packages/airflow/operators/python.py", line 162, in execute_callable
    return self.python_callable(*self.op_args, **self.op_kwargs)
  File "/opt/airflow/dags/covid_ingestion.py", line 109, in process_BE_tests
    csv_tests = pd.read_csv(str_cases, header=0)
NameError: name 'str_cases' is not defined
[2021-11-15 17:52:33,427] {local_task_job.py:154} INFO - Task exited with return code 1
[2021-11-15 17:52:33,487] {local_task_job.py:264} INFO - 0 downstream tasks scheduled from follow-on schedule check
